<?xml version="1.0" encoding="UTF-8"?>
<testng-results ignored="1" total="2" passed="0" failed="1" skipped="0">
  <reporter-output>
  </reporter-output>
  <suite started-at="2021-09-29T11:50:08 IST" name="Suite" finished-at="2021-09-29T11:50:24 IST" duration-ms="15903">
    <groups>
    </groups>
    <test started-at="2021-09-29T11:50:08 IST" name="Test" finished-at="2021-09-29T11:50:24 IST" duration-ms="15903">
      <class name="org.ab.tests.LoginPageTest">
        <test-method is-config="true" signature="getEnvironment()[pri:0, instance:org.ab.tests.LoginPageTest@428640fa]" started-at="2021-09-29T11:50:07 IST" name="getEnvironment" finished-at="2021-09-29T11:50:08 IST" duration-ms="557" status="PASS">
          <reporter-output>
          </reporter-output>
        </test-method> <!-- getEnvironment -->
        <test-method is-config="true" signature="setUp([Ljava.lang.Object;)[pri:0, instance:org.ab.tests.LoginPageTest@428640fa]" started-at="2021-09-29T11:50:08 IST" name="setUp" finished-at="2021-09-29T11:50:13 IST" duration-ms="5313" status="PASS">
          <params>
            <param index="0">
              <value>
                <![CDATA[[Ljava.lang.Object;@4349754]]>
              </value>
            </param>
          </params>
          <reporter-output>
          </reporter-output>
        </test-method> <!-- setUp -->
        <test-method signature="TCF_1(java.util.Map)[pri:0, instance:org.ab.tests.LoginPageTest@428640fa]" started-at="2021-09-29T11:50:13 IST" name="TCF_1" data-provider="executor" finished-at="2021-09-29T11:50:24 IST" duration-ms="10175" status="FAIL">
          <params>
            <param index="0">
              <value>
                <![CDATA[{Browser=chrome, FaxNumber=, Password=UserQA@123, Subject=maven, TC_ID=TCF_1, ToEMail=, UserName=adithiya.b@qa.concord.net}]]>
              </value>
            </param>
          </params>
          <exception class="java.lang.AssertionError">
            <message>
              <![CDATA["LoginPage.nextBtn1"not found in yml expected object to not be null]]>
            </message>
            <full-stacktrace>
              <![CDATA[java.lang.AssertionError: "LoginPage.nextBtn1"not found in yml expected object to not be null
at org.testng.Assert.fail(Assert.java:99)
at org.testng.Assert.assertNotNull(Assert.java:942)
at org.ab.utils.SeleniumUtils.click(SeleniumUtils.java:19)
at org.ab.tests.LoginPageTest.TCF_1(LoginPageTest.java:41)
at java.base/jdk.internal.reflect.NativeMethodAccessorImpl.invoke0(Native Method)
at java.base/jdk.internal.reflect.NativeMethodAccessorImpl.invoke(NativeMethodAccessorImpl.java:78)
at java.base/jdk.internal.reflect.DelegatingMethodAccessorImpl.invoke(DelegatingMethodAccessorImpl.java:43)
at java.base/java.lang.reflect.Method.invoke(Method.java:567)
at org.testng.internal.MethodInvocationHelper.invokeMethod(MethodInvocationHelper.java:133)
at org.testng.internal.TestInvoker.invokeMethod(TestInvoker.java:598)
at org.testng.internal.TestInvoker.invokeTestMethod(TestInvoker.java:173)
at org.testng.internal.TestMethodWithDataProviderMethodWorker.call(TestMethodWithDataProviderMethodWorker.java:77)
at org.testng.internal.TestMethodWithDataProviderMethodWorker.call(TestMethodWithDataProviderMethodWorker.java:15)
at java.base/java.util.concurrent.FutureTask.run(FutureTask.java:264)
at java.base/java.util.concurrent.Executors$RunnableAdapter.call(Executors.java:515)
at java.base/java.util.concurrent.FutureTask.run(FutureTask.java:264)
at java.base/java.util.concurrent.ThreadPoolExecutor.runWorker(ThreadPoolExecutor.java:1130)
at java.base/java.util.concurrent.ThreadPoolExecutor$Worker.run(ThreadPoolExecutor.java:630)
at java.base/java.lang.Thread.run(Thread.java:831)
]]>
            </full-stacktrace>
          </exception> <!-- java.lang.AssertionError -->
          <reporter-output>
          </reporter-output>
        </test-method> <!-- TCF_1 -->
        <test-method is-config="true" signature="tearDown()[pri:0, instance:org.ab.tests.LoginPageTest@428640fa]" started-at="2021-09-29T11:50:24 IST" name="tearDown" finished-at="2021-09-29T11:50:24 IST" duration-ms="333" status="PASS">
          <reporter-output>
          </reporter-output>
        </test-method> <!-- tearDown -->
      </class> <!-- org.ab.tests.LoginPageTest -->
    </test> <!-- Test -->
  </suite> <!-- Suite -->
</testng-results>
